        -:    0:Source:/Users/glebmitko/Desktop/lab1_ppois/src/utils/StringUtils.cpp
        -:    0:Graph:CMakeFiles/run_tests.dir/src/utils/StringUtils.cpp.gcno
        -:    0:Data:CMakeFiles/run_tests.dir/src/utils/StringUtils.cpp.gcda
        -:    0:Runs:1
        -:    0:Programs:1
        -:    1:#include "../../include/utils/StringUtils.hpp"
        -:    2:
        -:    3:namespace utils {
        -:    4:
function _ZN5utils11StringUtils7toLowerERKNSt3__112basic_stringIcNS1_11char_traitsIcEENS1_9allocatorIcEEEE called 500 returned 100% blocks executed 50%
      500:    5:std::string StringUtils::toLower(const std::string& str) {
      500:    6:    std::string result = str;
      500:    7:    std::transform(result.begin(), result.end(), result.begin(),
branch  0 taken 500
branch  1 taken 0
function _ZZN5utils11StringUtils7toLowerERKNSt3__112basic_stringIcNS1_11char_traitsIcEENS1_9allocatorIcEEEEENK3$_0clEh called 3526 returned 100% blocks executed 100%
     3526:    8:                   [](unsigned char c) { return std::tolower(c); });
      500:    9:    return result;
      500:   10:}
branch  0 taken 500
branch  1 taken 0
        -:   11:
function _ZN5utils11StringUtils4trimERKNSt3__112basic_stringIcNS1_11char_traitsIcEENS1_9allocatorIcEEEE called 874 returned 100% blocks executed 100%
      874:   12:std::string StringUtils::trim(const std::string& str) {
      874:   13:    size_t start = str.find_first_not_of(" \t\n\r");
      874:   14:    if (start == std::string::npos) return "";
branch  0 taken 20
branch  1 taken 854
        -:   15:    
      854:   16:    size_t end = str.find_last_not_of(" \t\n\r");
      854:   17:    return str.substr(start, end - start + 1);
      874:   18:}
        -:   19:
function _ZN5utils11StringUtils8isNumberERKNSt3__112basic_stringIcNS1_11char_traitsIcEENS1_9allocatorIcEEEE called 22 returned 100% blocks executed 93%
       22:   20:bool StringUtils::isNumber(const std::string& str) {
       22:   21:    if (str.empty()) return false;
branch  0 taken 2
branch  1 taken 20
        -:   22:    
       20:   23:    size_t start = 0;
       20:   24:    if (str[0] == '-' || str[0] == '+') {
branch  0 taken 14
branch  1 taken 6
branch  2 taken 4
branch  3 taken 10
       10:   25:        start = 1;
       10:   26:        if (str.length() == 1) return false;
branch  0 taken 0
branch  1 taken 10
       10:   27:    }
        -:   28:    
       58:   29:    for (size_t i = start; i < str.length(); ++i) {
branch  0 taken 48
branch  1 taken 10
       48:   30:        if (!std::isdigit(str[i])) {
branch  0 taken 10
branch  1 taken 38
       10:   31:            return false;
        -:   32:        }
       38:   33:    }
        -:   34:    
       10:   35:    return true;
       22:   36:}
        -:   37:
        -:   38:}
