        -:    0:Source:/Users/glebmitko/Desktop/lab1_ppois/src/dictionary/Dictionary.cpp
        -:    0:Graph:CMakeFiles/run_tests.dir/src/dictionary/Dictionary.cpp.gcno
        -:    0:Data:CMakeFiles/run_tests.dir/src/dictionary/Dictionary.cpp.gcda
        -:    0:Runs:1
        -:    0:Programs:1
        -:    1:#include "../../include/dictionary/Dictionary.hpp"
        -:    2:#include "../../include/utils/StringUtils.hpp"
        -:    3:#include <iostream>
        -:    4:#include <sstream>
        -:    5:#include <algorithm>
        -:    6:
        -:    7:namespace dictionary {
        -:    8:
        -:    9:const size_t MAX_WORD_LENGTH = 100;
        2:   10:const std::string DELIMITER = ":";
        -:   11:
function _ZN10dictionary10DictionaryC2Ev called 102 returned 100% blocks executed 100%
function _ZN10dictionary10DictionaryC1Ev called 102 returned 100% blocks executed 100%
      204:   12:Dictionary::Dictionary() : root(nullptr), wordCount(0) {
      204:   13:}
        -:   14:
function _ZN10dictionary10DictionaryC2ERKS0_ called 22 returned 100% blocks executed 50%
function _ZN10dictionary10DictionaryC1ERKS0_ called 22 returned 100% blocks executed 100%
       44:   15:Dictionary::Dictionary(const Dictionary& other) : wordCount(other.wordCount) {
       22:   16:    copyTree(other.root, root);
branch  0 taken 22
branch  1 taken 0
       44:   17:}
        -:   18:
function _ZN10dictionary10DictionaryaSERKS0_ called 8 returned 100% blocks executed 100%
        8:   19:Dictionary& Dictionary::operator=(const Dictionary& other) {
        8:   20:    if (this != &other) {
branch  0 taken 8
branch  1 taken 0
        8:   21:        root.reset();
        8:   22:        wordCount = other.wordCount;
        8:   23:        copyTree(other.root, root);
        8:   24:    }
        8:   25:    return *this;
        -:   26:}
        -:   27:
        -:   28:
function _ZN10dictionary10Dictionary15addWordInternalERKNSt3__112basic_stringIcNS1_11char_traitsIcEENS1_9allocatorIcEEEES9_ called 16 returned 100% blocks executed 61%
       16:   29:bool Dictionary::addWordInternal(const std::string& english, const std::string& russian) {
       16:   30:    if (english.empty()) {
branch  0 taken 0
branch  1 taken 16
    #####:   31:        return false;
        -:   32:    }
        -:   33:    
       16:   34:    std::string engLower = utils::StringUtils::toLower(utils::StringUtils::trim(english));
branch  0 taken 16
branch  1 taken 0
       16:   35:    std::string rusTrimmed = utils::StringUtils::trim(russian);
branch  0 taken 16
branch  1 taken 0
        -:   36:    
        -:   37:
        -:   38:    
       16:   39:    if (engLower.length() > MAX_WORD_LENGTH || rusTrimmed.length() > MAX_WORD_LENGTH) {
branch  0 taken 16
branch  1 taken 0
branch  2 taken 0
branch  3 taken 16
    #####:   40:        return false;
        -:   41:    }
        -:   42:    
       16:   43:    bool result = insertWord(root, engLower, rusTrimmed);
branch  0 taken 0
branch  1 taken 16
       16:   44:    if (result) {
branch  0 taken 0
branch  1 taken 16
       16:   45:        wordCount++;
       16:   46:    }
       16:   47:    return result;
       16:   48:}
        -:   49:
function _ZN10dictionary10Dictionary7addWordERKNSt3__112basic_stringIcNS1_11char_traitsIcEENS1_9allocatorIcEEEES9_ called 342 returned 100% blocks executed 73%
      342:   50:bool Dictionary::addWord(const std::string& english, const std::string& russian) {
        -:   51:    
      342:   52:    if (english.empty() || russian.empty()) {
branch  0 taken 338
branch  1 taken 4
branch  2 taken 4
branch  3 taken 334
        8:   53:        return false;
        -:   54:    }
        -:   55:    
      334:   56:    std::string engLower = utils::StringUtils::toLower(utils::StringUtils::trim(english));
branch  0 taken 334
branch  1 taken 0
      334:   57:    std::string rusTrimmed = utils::StringUtils::trim(russian);
branch  0 taken 334
branch  1 taken 0
        -:   58:    
        -:   59:    
      334:   60:    if (engLower.length() > MAX_WORD_LENGTH || rusTrimmed.length() > MAX_WORD_LENGTH) {
branch  0 taken 330
branch  1 taken 4
branch  2 taken 0
branch  3 taken 330
        4:   61:        return false;
        -:   62:    }
        -:   63:    
      330:   64:    bool result = insertWord(root, engLower, rusTrimmed);
branch  0 taken 0
branch  1 taken 330
        -:   65:    
      330:   66:    if (result) {
branch  0 taken 2
branch  1 taken 328
      328:   67:        wordCount++;
      328:   68:    }
        -:   69:    
      330:   70:    return result;
      342:   71:}
        -:   72:
function _ZN10dictionary10Dictionary7addWordEPKcS2_ called 134 returned 100% blocks executed 42%
      134:   73:bool Dictionary::addWord(const char* english, const char* russian) {
      134:   74:    return addWord(std::string(english), std::string(russian));
branch  0 taken 134
branch  1 taken 0
branch  2 taken 0
branch  3 taken 134
    #####:   75:}
        -:   76:
function _ZN10dictionary10DictionarypLERKNSt3__14pairINS1_12basic_stringIcNS1_11char_traitsIcEENS1_9allocatorIcEEEES8_EE called 2 returned 100% blocks executed 100%
        2:   77:Dictionary& Dictionary::operator+=(const std::pair<std::string, std::string>& pair) {
        2:   78:    addWord(pair.first, pair.second);
        2:   79:    return *this;
        -:   80:}
        -:   81:
function _ZN10dictionary10DictionarypLERKNSt3__14pairIPKcS4_EE called 34 returned 100% blocks executed 100%
       34:   82:Dictionary& Dictionary::operator+=(const std::pair<const char*, const char*>& pair) {
       34:   83:    addWord(pair.first, pair.second);
       34:   84:    return *this;
        -:   85:}
        -:   86:
function _ZN10dictionary10Dictionary10removeWordERKNSt3__112basic_stringIcNS1_11char_traitsIcEENS1_9allocatorIcEEEE called 58 returned 100% blocks executed 72%
       58:   87:bool Dictionary::removeWord(const std::string& english) {
       58:   88:    if (english.empty()) {
branch  0 taken 4
branch  1 taken 54
        4:   89:        return false;
        -:   90:    }
        -:   91:    
       54:   92:    std::string engLower = utils::StringUtils::toLower(utils::StringUtils::trim(english));
branch  0 taken 54
branch  1 taken 0
       54:   93:    bool result = deleteWord(root, engLower);
branch  0 taken 0
branch  1 taken 54
       54:   94:    if (result) {
branch  0 taken 14
branch  1 taken 40
       40:   95:        wordCount--;
       40:   96:    }
       54:   97:    return result;
       58:   98:}
        -:   99:
function _ZN10dictionary10Dictionary10removeWordEPKc called 28 returned 100% blocks executed 50%
       28:  100:bool Dictionary::removeWord(const char* english) {
       28:  101:    return removeWord(std::string(english));
branch  0 taken 28
branch  1 taken 0
    #####:  102:}
        -:  103:
function _ZNK10dictionary10DictionarymiERKNSt3__112basic_stringIcNS1_11char_traitsIcEENS1_9allocatorIcEEEE called 16 returned 100% blocks executed 50%
       16:  104:Dictionary Dictionary::operator-(const std::string& english) const {
       16:  105:    Dictionary result(*this);
       16:  106:    result -= english;
branch  0 taken 16
branch  1 taken 0
       16:  107:    return result;
       16:  108:}
branch  0 taken 16
branch  1 taken 0
        -:  109:
function _ZNK10dictionary10DictionarymiEPKc called 16 returned 100% blocks executed 50%
       16:  110:Dictionary Dictionary::operator-(const char* english) const {
       16:  111:    return operator-(std::string(english));
branch  0 taken 16
branch  1 taken 0
    #####:  112:}
        -:  113:
function _ZN10dictionary10DictionarymIERKNSt3__112basic_stringIcNS1_11char_traitsIcEENS1_9allocatorIcEEEE called 30 returned 100% blocks executed 100%
       30:  114:Dictionary& Dictionary::operator-=(const std::string& english) {
       30:  115:    removeWord(english);
       30:  116:    return *this;
        -:  117:}
        -:  118:
function _ZN10dictionary10DictionarymIEPKc called 14 returned 100% blocks executed 50%
       14:  119:Dictionary& Dictionary::operator-=(const char* english) {
       14:  120:    return operator-=(std::string(english));
branch  0 taken 14
branch  1 taken 0
    #####:  121:}
        -:  122:
        -:  123:
function _ZNK10dictionary10DictionaryixERKNSt3__112basic_stringIcNS1_11char_traitsIcEENS1_9allocatorIcEEEE called 12 returned 100% blocks executed 85%
       12:  124:std::string Dictionary::operator[](const std::string& english) const {
       12:  125:    if (english.empty()) {
branch  0 taken 2
branch  1 taken 10
        2:  126:        return "";
        -:  127:    }
        -:  128:    
       10:  129:    std::string engLower = utils::StringUtils::toLower(utils::StringUtils::trim(english));
branch  0 taken 10
branch  1 taken 0
        -:  130:    
        -:  131:
       10:  132:    const DictionaryNode* current = root.get();
       18:  133:    while (current != nullptr) {
branch  0 taken 14
branch  1 taken 4
       14:  134:        if (engLower < current->englishWord) {
branch  0 taken 4
branch  1 taken 10
        4:  135:            current = current->left.get();
       14:  136:        } else if (engLower > current->englishWord) {
branch  0 taken 4
branch  1 taken 6
        4:  137:            current = current->right.get();
        4:  138:        } else {
        6:  139:            return current->russianTranslation;
branch  0 taken 6
branch  1 taken 0
        -:  140:        }
        -:  141:    }
        -:  142:    
        4:  143:    return "";
branch  0 taken 4
branch  1 taken 0
       12:  144:}
        -:  145:
        -:  146:
function _ZN10dictionary10DictionaryixERKNSt3__112basic_stringIcNS1_11char_traitsIcEENS1_9allocatorIcEEEE called 80 returned 100% blocks executed 66%
       80:  147:std::string& Dictionary::operator[](const std::string& english) {
       80:  148:    if (english.empty()) {
branch  0 taken 6
branch  1 taken 74
        6:  149:        static std::string empty;
branch  0 taken 2
branch  1 taken 4
branch  2 taken 0
branch  3 taken 2
        6:  150:        return empty;
        -:  151:    }
        -:  152:    
       74:  153:    std::string engLower = utils::StringUtils::toLower(utils::StringUtils::trim(english));
branch  0 taken 74
branch  1 taken 0
       74:  154:    DictionaryNode* node = findWordForModification(root, engLower);
branch  0 taken 74
branch  1 taken 0
        -:  155:    
       74:  156:    if (!node) {
branch  0 taken 16
branch  1 taken 58
       16:  157:        bool added = addWordInternal(engLower, "");
branch  0 taken 16
branch  1 taken 0
branch  2 taken 16
branch  3 taken 0
       16:  158:        if (added) {
branch  0 taken 16
branch  1 taken 0
       16:  159:            node = findWordForModification(root, engLower);
branch  0 taken 16
branch  1 taken 0
       16:  160:        }
       16:  161:    }
        -:  162:    
       74:  163:    if (node) {
branch  0 taken 74
branch  1 taken 0
       74:  164:        return node->russianTranslation;
        -:  165:    } else {
    #####:  166:        static std::string empty;
branch  0 never executed
branch  1 never executed
branch  2 never executed
branch  3 never executed
    #####:  167:        return empty;
        -:  168:    }
       80:  169:}
        -:  170:
function _ZNK10dictionary10Dictionary12getWordCountEv called 82 returned 100% blocks executed 100%
       82:  171:size_t Dictionary::getWordCount() const {
       82:  172:    return wordCount;
        -:  173:}
        -:  174:
function _ZN10dictionary10Dictionary12loadFromFileERKNSt3__112basic_stringIcNS1_11char_traitsIcEENS1_9allocatorIcEEEE called 4 returned 100% blocks executed 75%
        4:  175:bool Dictionary::loadFromFile(const std::string& filename) {
        4:  176:    std::ifstream file(filename);
        4:  177:    if (!file.is_open()) {
branch  0 taken 4
branch  1 taken 0
branch  2 taken 2
branch  3 taken 2
        2:  178:        return false;
        -:  179:    }
        -:  180:    
        2:  181:    root.reset();
        2:  182:    wordCount = 0;
        -:  183:    
        2:  184:    file >> *this;
branch  0 taken 2
branch  1 taken 0
        2:  185:    return true;
        4:  186:}
        -:  187:
function _ZNK10dictionary10Dictionary10saveToFileERKNSt3__112basic_stringIcNS1_11char_traitsIcEENS1_9allocatorIcEEEE called 4 returned 100% blocks executed 75%
        4:  188:bool Dictionary::saveToFile(const std::string& filename) const {
        4:  189:    std::ofstream file(filename);
        4:  190:    if (!file.is_open()) {
branch  0 taken 4
branch  1 taken 0
branch  2 taken 2
branch  3 taken 2
        2:  191:        return false;
        -:  192:    }
        -:  193:    
        2:  194:    file << *this;
branch  0 taken 2
branch  1 taken 0
        2:  195:    return true;
        4:  196:}
        -:  197:
function _ZNK10dictionary10DictionaryeqERKS0_ called 16 returned 100% blocks executed 100%
       16:  198:bool Dictionary::operator==(const Dictionary& other) const {
       16:  199:    if (wordCount != other.wordCount) {
branch  0 taken 6
branch  1 taken 10
        6:  200:        return false;
        -:  201:    }
       10:  202:    return compareTrees(root.get(), other.root.get());
       16:  203:}
        -:  204:
function _ZNK10dictionary10DictionaryneERKS0_ called 10 returned 100% blocks executed 100%
       10:  205:bool Dictionary::operator!=(const Dictionary& other) const {
       10:  206:    return !(*this == other);
        -:  207:}
        -:  208:
        -:  209:
function _ZNK10dictionary10Dictionary8findWordEPNS_14DictionaryNodeERKNSt3__112basic_stringIcNS3_11char_traitsIcEENS3_9allocatorIcEEEE called 0 returned 0% blocks executed 0%
    #####:  210:DictionaryNode* Dictionary::findWord(DictionaryNode* node, const std::string& english) const {
    #####:  211:    DictionaryNode* current = node;
    #####:  212:    while (current != nullptr) {
branch  0 never executed
branch  1 never executed
    #####:  213:        if (english < current->englishWord) {
branch  0 never executed
branch  1 never executed
    #####:  214:            current = current->left.get();
    #####:  215:        } else if (english > current->englishWord) {
branch  0 never executed
branch  1 never executed
    #####:  216:            current = current->right.get();
    #####:  217:        } else {
    #####:  218:            return current;
        -:  219:        }
        -:  220:    }
    #####:  221:    return nullptr;
    #####:  222:}
        -:  223:
function _ZN10dictionary10Dictionary23findWordForModificationERNSt3__110unique_ptrINS_14DictionaryNodeENS1_14default_deleteIS3_EEEERKNS1_12basic_stringIcNS1_11char_traitsIcEENS1_9allocatorIcEEEE called 146 returned 100% blocks executed 90%
      146:  224:DictionaryNode* Dictionary::findWordForModification(std::unique_ptr<DictionaryNode>& node, const std::string& english) {
      146:  225:        if (!node) {
branch  0 taken 16
branch  1 taken 130
       16:  226:            return nullptr;
        -:  227:        }
        -:  228:        
      130:  229:    if (!node) {
branch  0 taken 130
branch  1 taken 0
    #####:  230:        return nullptr;
        -:  231:    }
        -:  232:    
      130:  233:    if (english < node->englishWord) {
branch  0 taken 22
branch  1 taken 108
       22:  234:        return findWordForModification(node->left, english);
      108:  235:    } else if (english > node->englishWord) {
branch  0 taken 34
branch  1 taken 74
       34:  236:        return findWordForModification(node->right, english);
        -:  237:    } else {
       74:  238:        return node.get();
        -:  239:    }
      146:  240:}
        -:  241:
function _ZN10dictionary10Dictionary10insertWordERNSt3__110unique_ptrINS_14DictionaryNodeENS1_14default_deleteIS3_EEEERKNS1_12basic_stringIcNS1_11char_traitsIcEENS1_9allocatorIcEEEESF_ called 2582 returned 100% blocks executed 90%
     2582:  242:bool Dictionary::insertWord(std::unique_ptr<DictionaryNode>& node, const std::string& english, const std::string& russian) {
     2582:  243:        if (!node) {
branch  0 taken 354
branch  1 taken 2228
      354:  244:            node = std::make_unique<DictionaryNode>(english, russian);
      354:  245:            return true;
        -:  246:        }
        -:  247:        
     2228:  248:    if (!node) {
branch  0 taken 2228
branch  1 taken 0
    #####:  249:        node = std::make_unique<DictionaryNode>(english, russian);
    #####:  250:        return true;
        -:  251:    }
        -:  252:    
     2228:  253:    if (english < node->englishWord) {
branch  0 taken 188
branch  1 taken 2040
      188:  254:        return insertWord(node->left, english, russian);
     2040:  255:    } else if (english > node->englishWord) {
branch  0 taken 2038
branch  1 taken 2
     2038:  256:        return insertWord(node->right, english, russian);
        -:  257:    } else {
        2:  258:        node->russianTranslation = russian;
        2:  259:        return false;
        -:  260:    }
     2582:  261:}
        -:  262:
function _ZN10dictionary10Dictionary10deleteWordERNSt3__110unique_ptrINS_14DictionaryNodeENS1_14default_deleteIS3_EEEERKNS1_12basic_stringIcNS1_11char_traitsIcEENS1_9allocatorIcEEEE called 86 returned 100% blocks executed 100%
       86:  263:bool Dictionary::deleteWord(std::unique_ptr<DictionaryNode>& node, const std::string& english) {
       86:  264:    if (!node) {
branch  0 taken 14
branch  1 taken 72
       14:  265:        return false;
        -:  266:    }
        -:  267:    
       72:  268:    if (english < node->englishWord) {
branch  0 taken 10
branch  1 taken 62
       10:  269:        return deleteWord(node->left, english);
       62:  270:    } else if (english > node->englishWord) {
branch  0 taken 18
branch  1 taken 44
       18:  271:        return deleteWord(node->right, english);
        -:  272:    } else {
       44:  273:        if (!node->left && !node->right) {
branch  0 taken 36
branch  1 taken 8
branch  2 taken 4
branch  3 taken 32
       32:  274:            node.reset();
       44:  275:        } else if (!node->left) {
branch  0 taken 8
branch  1 taken 4
        4:  276:            node = std::move(node->right);
       12:  277:        } else if (!node->right) {
branch  0 taken 4
branch  1 taken 4
        4:  278:            node = std::move(node->left);
        4:  279:        } else {
        4:  280:            DictionaryNode* minNode = findMin(node->right.get());
        4:  281:            node->englishWord = minNode->englishWord;
        4:  282:            node->russianTranslation = minNode->russianTranslation;
        4:  283:            deleteWord(node->right, minNode->englishWord);
        -:  284:        }
       44:  285:        return true;
        -:  286:    }
       86:  287:}
        -:  288:
function _ZNK10dictionary10Dictionary7findMinEPNS_14DictionaryNodeE called 4 returned 100% blocks executed 100%
        4:  289:DictionaryNode* Dictionary::findMin(DictionaryNode* node) const {
        6:  290:    while (node && node->left) {
branch  0 taken 0
branch  1 taken 6
branch  2 taken 2
branch  3 taken 4
        2:  291:        node = node->left.get();
        -:  292:    }
        4:  293:    return node;
        -:  294:}
        -:  295:
function _ZN10dictionary10Dictionary8copyTreeERKNSt3__110unique_ptrINS_14DictionaryNodeENS1_14default_deleteIS3_EEEERS6_ called 98 returned 100% blocks executed 100%
       98:  296:void Dictionary::copyTree(const std::unique_ptr<DictionaryNode>& source, std::unique_ptr<DictionaryNode>& destination) {
       98:  297:    if (!source) return;
branch  0 taken 64
branch  1 taken 34
        -:  298:    
       34:  299:    destination = std::make_unique<DictionaryNode>(source->englishWord, source->russianTranslation);
       34:  300:    copyTree(source->left, destination->left);
       34:  301:    copyTree(source->right, destination->right);
       98:  302:}
        -:  303:
function _ZNK10dictionary10Dictionary12compareTreesEPKNS_14DictionaryNodeES3_ called 34 returned 100% blocks executed 91%
       34:  304:bool Dictionary::compareTrees(const DictionaryNode* node1, const DictionaryNode* node2) const {
       34:  305:    if (!node1 && !node2) return true;
branch  0 taken 18
branch  1 taken 16
branch  2 taken 0
branch  3 taken 18
       16:  306:    if (!node1 || !node2) return false;
branch  0 taken 16
branch  1 taken 0
branch  2 taken 0
branch  3 taken 16
        -:  307:    
       32:  308:    return (node1->englishWord == node2->englishWord &&
branch  0 taken 16
branch  1 taken 0
       16:  309:            node1->russianTranslation == node2->russianTranslation &&
branch  0 taken 12
branch  1 taken 4
       12:  310:            compareTrees(node1->left.get(), node2->left.get()) &&
branch  0 taken 12
branch  1 taken 0
       12:  311:            compareTrees(node1->right.get(), node2->right.get()));
       34:  312:}
        -:  313:
function _ZNK10dictionary10Dictionary9printTreeERNSt3__113basic_ostreamIcNS1_11char_traitsIcEEEEPKNS_14DictionaryNodeE called 26 returned 100% blocks executed 100%
       26:  314:void Dictionary::printTree(std::ostream& os, const DictionaryNode* node) const {
       26:  315:    if (!node) return;
branch  0 taken 16
branch  1 taken 10
        -:  316:    
       10:  317:    printTree(os, node->left.get());
       10:  318:    os << node->englishWord << DELIMITER << " " << node->russianTranslation << "\n";
       10:  319:    printTree(os, node->right.get());
       26:  320:}
        -:  321:
function _ZN10dictionary10Dictionary8readTreeERNSt3__113basic_istreamIcNS1_11char_traitsIcEEEERNS1_10unique_ptrINS_14DictionaryNodeENS1_14default_deleteIS8_EEEE called 6 returned 100% blocks executed 61%
        6:  322:void Dictionary::readTree(std::istream& is, std::unique_ptr<DictionaryNode>& node) {
        6:  323:    std::string line;
       16:  324:    while (std::getline(is, line)) {
branch  0 taken 16
branch  1 taken 0
branch  2 taken 16
branch  3 taken 0
branch  4 taken 10
branch  5 taken 6
       10:  325:        if (line.empty()) continue;
branch  0 taken 0
branch  1 taken 10
        -:  326:        
       10:  327:        size_t delimiterPos = line.find(DELIMITER);
       10:  328:        if (delimiterPos == std::string::npos) continue;
branch  0 taken 10
branch  1 taken 0
        -:  329:        
       10:  330:        std::string english = utils::StringUtils::trim(line.substr(0, delimiterPos));
branch  0 taken 10
branch  1 taken 0
branch  2 taken 10
branch  3 taken 0
       10:  331:        std::string russian = utils::StringUtils::trim(line.substr(delimiterPos + 1));
branch  0 taken 10
branch  1 taken 0
branch  2 taken 10
branch  3 taken 0
        -:  332:        
       10:  333:        if (!english.empty() && !russian.empty()) {
branch  0 taken 10
branch  1 taken 0
branch  2 taken 0
branch  3 taken 10
       10:  334:            insertWord(node, english, russian);
branch  0 taken 0
branch  1 taken 10
       10:  335:            wordCount++;
       10:  336:        }
       10:  337:    }
        6:  338:}
        -:  339:
function _ZN10dictionarylsERNSt3__113basic_ostreamIcNS0_11char_traitsIcEEEERKNS_10DictionaryE called 6 returned 100% blocks executed 100%
        6:  340:std::ostream& operator<<(std::ostream& os, const Dictionary& dict) {
        6:  341:    dict.printTree(os, dict.root.get());
        6:  342:    return os;
        -:  343:}
        -:  344:
function _ZN10dictionaryrsERNSt3__113basic_istreamIcNS0_11char_traitsIcEEEERNS_10DictionaryE called 6 returned 100% blocks executed 100%
        6:  345:std::istream& operator>>(std::istream& is, Dictionary& dict) {
        6:  346:    dict.readTree(is, dict.root);
        6:  347:    return is;
        -:  348:}
        -:  349:
        -:  350:}
