        -:    0:Source:/Users/glebmitko/Desktop/lab1_ppois/src/dictionary/Dictionary.cpp
        -:    0:Graph:CMakeFiles/run_tests.dir/src/dictionary/Dictionary.cpp.gcno
        -:    0:Data:CMakeFiles/run_tests.dir/src/dictionary/Dictionary.cpp.gcda
        -:    0:Runs:1
        -:    0:Programs:1
        -:    1:#include "../../include/dictionary/Dictionary.hpp"
        -:    2:#include "../../include/utils/StringUtils.hpp"
        -:    3:#include <iostream>
        -:    4:#include <sstream>
        -:    5:#include <algorithm>
        -:    6:
        -:    7:namespace dictionary {
        -:    8:
        -:    9:const size_t MAX_WORD_LENGTH = 100;
        1:   10:const std::string DELIMITER = ":";
        -:   11:
function _ZN10dictionary10DictionaryC2Ev called 51 returned 100% blocks executed 100%
function _ZN10dictionary10DictionaryC1Ev called 51 returned 100% blocks executed 100%
      102:   12:Dictionary::Dictionary() : root(nullptr), wordCount(0) {
      102:   13:}
        -:   14:
function _ZN10dictionary10DictionaryC2ERKS0_ called 11 returned 100% blocks executed 50%
function _ZN10dictionary10DictionaryC1ERKS0_ called 11 returned 100% blocks executed 100%
       22:   15:Dictionary::Dictionary(const Dictionary& other) : wordCount(other.wordCount) {
       11:   16:    copyTree(other.root, root);
branch  0 taken 100%
branch  1 taken 0%
       22:   17:}
        -:   18:
function _ZN10dictionary10DictionaryaSERKS0_ called 4 returned 100% blocks executed 100%
        4:   19:Dictionary& Dictionary::operator=(const Dictionary& other) {
        4:   20:    if (this != &other) {
branch  0 taken 100%
branch  1 taken 0%
        4:   21:        root.reset();
        4:   22:        wordCount = other.wordCount;
        4:   23:        copyTree(other.root, root);
        4:   24:    }
        4:   25:    return *this;
        -:   26:}
        -:   27:
        -:   28:
function _ZN10dictionary10Dictionary15addWordInternalERKNSt3__112basic_stringIcNS1_11char_traitsIcEENS1_9allocatorIcEEEES9_ called 8 returned 100% blocks executed 61%
        8:   29:bool Dictionary::addWordInternal(const std::string& english, const std::string& russian) {
        8:   30:    if (english.empty()) {
branch  0 taken 0%
branch  1 taken 100%
    #####:   31:        return false;
        -:   32:    }
        -:   33:    
        8:   34:    std::string engLower = utils::StringUtils::toLower(utils::StringUtils::trim(english));
branch  0 taken 100%
branch  1 taken 0%
        8:   35:    std::string rusTrimmed = utils::StringUtils::trim(russian);
branch  0 taken 100%
branch  1 taken 0%
        -:   36:    
        -:   37:
        -:   38:    
        8:   39:    if (engLower.length() > MAX_WORD_LENGTH || rusTrimmed.length() > MAX_WORD_LENGTH) {
branch  0 taken 100%
branch  1 taken 0%
branch  2 taken 0%
branch  3 taken 100%
    #####:   40:        return false;
        -:   41:    }
        -:   42:    
        8:   43:    bool result = insertWord(root, engLower, rusTrimmed);
branch  0 taken 0%
branch  1 taken 100%
        8:   44:    if (result) {
branch  0 taken 0%
branch  1 taken 100%
        8:   45:        wordCount++;
        8:   46:    }
        8:   47:    return result;
        8:   48:}
        -:   49:
function _ZN10dictionary10Dictionary7addWordERKNSt3__112basic_stringIcNS1_11char_traitsIcEENS1_9allocatorIcEEEES9_ called 171 returned 100% blocks executed 73%
      171:   50:bool Dictionary::addWord(const std::string& english, const std::string& russian) {
        -:   51:    
      171:   52:    if (english.empty() || russian.empty()) {
branch  0 taken 99%
branch  1 taken 1%
branch  2 taken 1%
branch  3 taken 99%
        4:   53:        return false;
        -:   54:    }
        -:   55:    
      167:   56:    std::string engLower = utils::StringUtils::toLower(utils::StringUtils::trim(english));
branch  0 taken 100%
branch  1 taken 0%
      167:   57:    std::string rusTrimmed = utils::StringUtils::trim(russian);
branch  0 taken 100%
branch  1 taken 0%
        -:   58:    
        -:   59:    
      167:   60:    if (engLower.length() > MAX_WORD_LENGTH || rusTrimmed.length() > MAX_WORD_LENGTH) {
branch  0 taken 99%
branch  1 taken 1%
branch  2 taken 0%
branch  3 taken 100%
        2:   61:        return false;
        -:   62:    }
        -:   63:    
      165:   64:    bool result = insertWord(root, engLower, rusTrimmed);
branch  0 taken 0%
branch  1 taken 100%
        -:   65:    
      165:   66:    if (result) {
branch  0 taken 1%
branch  1 taken 99%
      164:   67:        wordCount++;
      164:   68:    }
        -:   69:    
      165:   70:    return result;
      171:   71:}
        -:   72:
function _ZN10dictionary10Dictionary7addWordEPKcS2_ called 67 returned 100% blocks executed 42%
       67:   73:bool Dictionary::addWord(const char* english, const char* russian) {
       67:   74:    return addWord(std::string(english), std::string(russian));
branch  0 taken 100%
branch  1 taken 0%
branch  2 taken 0%
branch  3 taken 100%
    #####:   75:}
        -:   76:
function _ZN10dictionary10DictionarypLERKNSt3__14pairINS1_12basic_stringIcNS1_11char_traitsIcEENS1_9allocatorIcEEEES8_EE called 1 returned 100% blocks executed 100%
        1:   77:Dictionary& Dictionary::operator+=(const std::pair<std::string, std::string>& pair) {
        1:   78:    addWord(pair.first, pair.second);
        1:   79:    return *this;
        -:   80:}
        -:   81:
function _ZN10dictionary10DictionarypLERKNSt3__14pairIPKcS4_EE called 17 returned 100% blocks executed 100%
       17:   82:Dictionary& Dictionary::operator+=(const std::pair<const char*, const char*>& pair) {
       17:   83:    addWord(pair.first, pair.second);
       17:   84:    return *this;
        -:   85:}
        -:   86:
function _ZN10dictionary10Dictionary10removeWordERKNSt3__112basic_stringIcNS1_11char_traitsIcEENS1_9allocatorIcEEEE called 29 returned 100% blocks executed 72%
       29:   87:bool Dictionary::removeWord(const std::string& english) {
       29:   88:    if (english.empty()) {
branch  0 taken 7%
branch  1 taken 93%
        2:   89:        return false;
        -:   90:    }
        -:   91:    
       27:   92:    std::string engLower = utils::StringUtils::toLower(utils::StringUtils::trim(english));
branch  0 taken 100%
branch  1 taken 0%
       27:   93:    bool result = deleteWord(root, engLower);
branch  0 taken 0%
branch  1 taken 100%
       27:   94:    if (result) {
branch  0 taken 26%
branch  1 taken 74%
       20:   95:        wordCount--;
       20:   96:    }
       27:   97:    return result;
       29:   98:}
        -:   99:
function _ZN10dictionary10Dictionary10removeWordEPKc called 14 returned 100% blocks executed 50%
       14:  100:bool Dictionary::removeWord(const char* english) {
       14:  101:    return removeWord(std::string(english));
branch  0 taken 100%
branch  1 taken 0%
    #####:  102:}
        -:  103:
function _ZNK10dictionary10DictionarymiERKNSt3__112basic_stringIcNS1_11char_traitsIcEENS1_9allocatorIcEEEE called 8 returned 100% blocks executed 50%
        8:  104:Dictionary Dictionary::operator-(const std::string& english) const {
        8:  105:    Dictionary result(*this);
        8:  106:    result -= english;
branch  0 taken 100%
branch  1 taken 0%
        8:  107:    return result;
        8:  108:}
branch  0 taken 100%
branch  1 taken 0%
        -:  109:
function _ZNK10dictionary10DictionarymiEPKc called 8 returned 100% blocks executed 50%
        8:  110:Dictionary Dictionary::operator-(const char* english) const {
        8:  111:    return operator-(std::string(english));
branch  0 taken 100%
branch  1 taken 0%
    #####:  112:}
        -:  113:
function _ZN10dictionary10DictionarymIERKNSt3__112basic_stringIcNS1_11char_traitsIcEENS1_9allocatorIcEEEE called 15 returned 100% blocks executed 100%
       15:  114:Dictionary& Dictionary::operator-=(const std::string& english) {
       15:  115:    removeWord(english);
       15:  116:    return *this;
        -:  117:}
        -:  118:
function _ZN10dictionary10DictionarymIEPKc called 7 returned 100% blocks executed 50%
        7:  119:Dictionary& Dictionary::operator-=(const char* english) {
        7:  120:    return operator-=(std::string(english));
branch  0 taken 100%
branch  1 taken 0%
    #####:  121:}
        -:  122:
        -:  123:
function _ZNK10dictionary10DictionaryixERKNSt3__112basic_stringIcNS1_11char_traitsIcEENS1_9allocatorIcEEEE called 6 returned 100% blocks executed 85%
        6:  124:std::string Dictionary::operator[](const std::string& english) const {
        6:  125:    if (english.empty()) {
branch  0 taken 17%
branch  1 taken 83%
        1:  126:        return "";
        -:  127:    }
        -:  128:    
        5:  129:    std::string engLower = utils::StringUtils::toLower(utils::StringUtils::trim(english));
branch  0 taken 100%
branch  1 taken 0%
        -:  130:    
        -:  131:
        5:  132:    const DictionaryNode* current = root.get();
        9:  133:    while (current != nullptr) {
branch  0 taken 78%
branch  1 taken 22%
        7:  134:        if (engLower < current->englishWord) {
branch  0 taken 29%
branch  1 taken 71%
        2:  135:            current = current->left.get();
        7:  136:        } else if (engLower > current->englishWord) {
branch  0 taken 40%
branch  1 taken 60%
        2:  137:            current = current->right.get();
        2:  138:        } else {
        3:  139:            return current->russianTranslation;
branch  0 taken 100%
branch  1 taken 0%
        -:  140:        }
        -:  141:    }
        -:  142:    
        2:  143:    return "";
branch  0 taken 100%
branch  1 taken 0%
        6:  144:}
        -:  145:
        -:  146:
function _ZN10dictionary10DictionaryixERKNSt3__112basic_stringIcNS1_11char_traitsIcEENS1_9allocatorIcEEEE called 40 returned 100% blocks executed 66%
       40:  147:std::string& Dictionary::operator[](const std::string& english) {
       40:  148:    if (english.empty()) {
branch  0 taken 8%
branch  1 taken 93%
        3:  149:        static std::string empty;
branch  0 taken 33%
branch  1 taken 67%
branch  2 taken 0%
branch  3 taken 100%
        3:  150:        return empty;
        -:  151:    }
        -:  152:    
       37:  153:    std::string engLower = utils::StringUtils::toLower(utils::StringUtils::trim(english));
branch  0 taken 100%
branch  1 taken 0%
       37:  154:    DictionaryNode* node = findWordForModification(root, engLower);
branch  0 taken 100%
branch  1 taken 0%
        -:  155:    
       37:  156:    if (!node) {
branch  0 taken 22%
branch  1 taken 78%
        8:  157:        bool added = addWordInternal(engLower, "");
branch  0 taken 100%
branch  1 taken 0%
branch  2 taken 100%
branch  3 taken 0%
        8:  158:        if (added) {
branch  0 taken 100%
branch  1 taken 0%
        8:  159:            node = findWordForModification(root, engLower);
branch  0 taken 100%
branch  1 taken 0%
        8:  160:        }
        8:  161:    }
        -:  162:    
       37:  163:    if (node) {
branch  0 taken 100%
branch  1 taken 0%
       37:  164:        return node->russianTranslation;
        -:  165:    } else {
    #####:  166:        static std::string empty;
branch  0 never executed
branch  1 never executed
branch  2 never executed
branch  3 never executed
    #####:  167:        return empty;
        -:  168:    }
       40:  169:}
        -:  170:
function _ZNK10dictionary10Dictionary12getWordCountEv called 41 returned 100% blocks executed 100%
       41:  171:size_t Dictionary::getWordCount() const {
       41:  172:    return wordCount;
        -:  173:}
        -:  174:
function _ZN10dictionary10Dictionary12loadFromFileERKNSt3__112basic_stringIcNS1_11char_traitsIcEENS1_9allocatorIcEEEE called 2 returned 100% blocks executed 75%
        2:  175:bool Dictionary::loadFromFile(const std::string& filename) {
        2:  176:    std::ifstream file(filename);
        2:  177:    if (!file.is_open()) {
branch  0 taken 100%
branch  1 taken 0%
branch  2 taken 50%
branch  3 taken 50%
        1:  178:        return false;
        -:  179:    }
        -:  180:    
        1:  181:    root.reset();
        1:  182:    wordCount = 0;
        -:  183:    
        1:  184:    file >> *this;
branch  0 taken 100%
branch  1 taken 0%
        1:  185:    return true;
        2:  186:}
        -:  187:
function _ZNK10dictionary10Dictionary10saveToFileERKNSt3__112basic_stringIcNS1_11char_traitsIcEENS1_9allocatorIcEEEE called 2 returned 100% blocks executed 75%
        2:  188:bool Dictionary::saveToFile(const std::string& filename) const {
        2:  189:    std::ofstream file(filename);
        2:  190:    if (!file.is_open()) {
branch  0 taken 100%
branch  1 taken 0%
branch  2 taken 50%
branch  3 taken 50%
        1:  191:        return false;
        -:  192:    }
        -:  193:    
        1:  194:    file << *this;
branch  0 taken 100%
branch  1 taken 0%
        1:  195:    return true;
        2:  196:}
        -:  197:
function _ZNK10dictionary10DictionaryeqERKS0_ called 8 returned 100% blocks executed 100%
        8:  198:bool Dictionary::operator==(const Dictionary& other) const {
        8:  199:    if (wordCount != other.wordCount) {
branch  0 taken 38%
branch  1 taken 63%
        3:  200:        return false;
        -:  201:    }
        5:  202:    return compareTrees(root.get(), other.root.get());
        8:  203:}
        -:  204:
function _ZNK10dictionary10DictionaryneERKS0_ called 5 returned 100% blocks executed 100%
        5:  205:bool Dictionary::operator!=(const Dictionary& other) const {
        5:  206:    return !(*this == other);
        -:  207:}
        -:  208:
        -:  209:
function _ZNK10dictionary10Dictionary8findWordEPNS_14DictionaryNodeERKNSt3__112basic_stringIcNS3_11char_traitsIcEENS3_9allocatorIcEEEE called 0 returned 0% blocks executed 0%
    #####:  210:DictionaryNode* Dictionary::findWord(DictionaryNode* node, const std::string& english) const {
    #####:  211:    DictionaryNode* current = node;
    #####:  212:    while (current != nullptr) {
branch  0 never executed
branch  1 never executed
    #####:  213:        if (english < current->englishWord) {
branch  0 never executed
branch  1 never executed
    #####:  214:            current = current->left.get();
    #####:  215:        } else if (english > current->englishWord) {
branch  0 never executed
branch  1 never executed
    #####:  216:            current = current->right.get();
    #####:  217:        } else {
    #####:  218:            return current;
        -:  219:        }
        -:  220:    }
    #####:  221:    return nullptr;
    #####:  222:}
        -:  223:
function _ZN10dictionary10Dictionary23findWordForModificationERNSt3__110unique_ptrINS_14DictionaryNodeENS1_14default_deleteIS3_EEEERKNS1_12basic_stringIcNS1_11char_traitsIcEENS1_9allocatorIcEEEE called 73 returned 100% blocks executed 90%
       73:  224:DictionaryNode* Dictionary::findWordForModification(std::unique_ptr<DictionaryNode>& node, const std::string& english) {
       73:  225:        if (!node) {
branch  0 taken 11%
branch  1 taken 89%
        8:  226:            return nullptr;
        -:  227:        }
        -:  228:        
       65:  229:    if (!node) {
branch  0 taken 100%
branch  1 taken 0%
    #####:  230:        return nullptr;
        -:  231:    }
        -:  232:    
       65:  233:    if (english < node->englishWord) {
branch  0 taken 17%
branch  1 taken 83%
       11:  234:        return findWordForModification(node->left, english);
       54:  235:    } else if (english > node->englishWord) {
branch  0 taken 31%
branch  1 taken 69%
       17:  236:        return findWordForModification(node->right, english);
        -:  237:    } else {
       37:  238:        return node.get();
        -:  239:    }
       73:  240:}
        -:  241:
function _ZN10dictionary10Dictionary10insertWordERNSt3__110unique_ptrINS_14DictionaryNodeENS1_14default_deleteIS3_EEEERKNS1_12basic_stringIcNS1_11char_traitsIcEENS1_9allocatorIcEEEESF_ called 1291 returned 100% blocks executed 90%
     1291:  242:bool Dictionary::insertWord(std::unique_ptr<DictionaryNode>& node, const std::string& english, const std::string& russian) {
     1291:  243:        if (!node) {
branch  0 taken 14%
branch  1 taken 86%
      177:  244:            node = std::make_unique<DictionaryNode>(english, russian);
      177:  245:            return true;
        -:  246:        }
        -:  247:        
     1114:  248:    if (!node) {
branch  0 taken 100%
branch  1 taken 0%
    #####:  249:        node = std::make_unique<DictionaryNode>(english, russian);
    #####:  250:        return true;
        -:  251:    }
        -:  252:    
     1114:  253:    if (english < node->englishWord) {
branch  0 taken 8%
branch  1 taken 92%
       94:  254:        return insertWord(node->left, english, russian);
     1020:  255:    } else if (english > node->englishWord) {
branch  0 taken 99%
branch  1 taken 1%
     1019:  256:        return insertWord(node->right, english, russian);
        -:  257:    } else {
        1:  258:        node->russianTranslation = russian;
        1:  259:        return false;
        -:  260:    }
     1291:  261:}
        -:  262:
function _ZN10dictionary10Dictionary10deleteWordERNSt3__110unique_ptrINS_14DictionaryNodeENS1_14default_deleteIS3_EEEERKNS1_12basic_stringIcNS1_11char_traitsIcEENS1_9allocatorIcEEEE called 43 returned 100% blocks executed 100%
       43:  263:bool Dictionary::deleteWord(std::unique_ptr<DictionaryNode>& node, const std::string& english) {
       43:  264:    if (!node) {
branch  0 taken 16%
branch  1 taken 84%
        7:  265:        return false;
        -:  266:    }
        -:  267:    
       36:  268:    if (english < node->englishWord) {
branch  0 taken 14%
branch  1 taken 86%
        5:  269:        return deleteWord(node->left, english);
       31:  270:    } else if (english > node->englishWord) {
branch  0 taken 29%
branch  1 taken 71%
        9:  271:        return deleteWord(node->right, english);
        -:  272:    } else {
       22:  273:        if (!node->left && !node->right) {
branch  0 taken 82%
branch  1 taken 18%
branch  2 taken 11%
branch  3 taken 89%
       16:  274:            node.reset();
       22:  275:        } else if (!node->left) {
branch  0 taken 67%
branch  1 taken 33%
        2:  276:            node = std::move(node->right);
        6:  277:        } else if (!node->right) {
branch  0 taken 50%
branch  1 taken 50%
        2:  278:            node = std::move(node->left);
        2:  279:        } else {
        2:  280:            DictionaryNode* minNode = findMin(node->right.get());
        2:  281:            node->englishWord = minNode->englishWord;
        2:  282:            node->russianTranslation = minNode->russianTranslation;
        2:  283:            deleteWord(node->right, minNode->englishWord);
        -:  284:        }
       22:  285:        return true;
        -:  286:    }
       43:  287:}
        -:  288:
function _ZNK10dictionary10Dictionary7findMinEPNS_14DictionaryNodeE called 2 returned 100% blocks executed 100%
        2:  289:DictionaryNode* Dictionary::findMin(DictionaryNode* node) const {
        3:  290:    while (node && node->left) {
branch  0 taken 0%
branch  1 taken 100%
branch  2 taken 33%
branch  3 taken 67%
        1:  291:        node = node->left.get();
        -:  292:    }
        2:  293:    return node;
        -:  294:}
        -:  295:
function _ZN10dictionary10Dictionary8copyTreeERKNSt3__110unique_ptrINS_14DictionaryNodeENS1_14default_deleteIS3_EEEERS6_ called 49 returned 100% blocks executed 100%
       49:  296:void Dictionary::copyTree(const std::unique_ptr<DictionaryNode>& source, std::unique_ptr<DictionaryNode>& destination) {
       49:  297:    if (!source) return;
branch  0 taken 65%
branch  1 taken 35%
        -:  298:    
       17:  299:    destination = std::make_unique<DictionaryNode>(source->englishWord, source->russianTranslation);
       17:  300:    copyTree(source->left, destination->left);
       17:  301:    copyTree(source->right, destination->right);
       49:  302:}
        -:  303:
function _ZNK10dictionary10Dictionary12compareTreesEPKNS_14DictionaryNodeES3_ called 17 returned 100% blocks executed 91%
       17:  304:bool Dictionary::compareTrees(const DictionaryNode* node1, const DictionaryNode* node2) const {
       17:  305:    if (!node1 && !node2) return true;
branch  0 taken 53%
branch  1 taken 47%
branch  2 taken 0%
branch  3 taken 100%
        8:  306:    if (!node1 || !node2) return false;
branch  0 taken 100%
branch  1 taken 0%
branch  2 taken 0%
branch  3 taken 100%
        -:  307:    
       16:  308:    return (node1->englishWord == node2->englishWord &&
branch  0 taken 100%
branch  1 taken 0%
        8:  309:            node1->russianTranslation == node2->russianTranslation &&
branch  0 taken 75%
branch  1 taken 25%
        6:  310:            compareTrees(node1->left.get(), node2->left.get()) &&
branch  0 taken 100%
branch  1 taken 0%
        6:  311:            compareTrees(node1->right.get(), node2->right.get()));
       17:  312:}
        -:  313:
function _ZNK10dictionary10Dictionary9printTreeERNSt3__113basic_ostreamIcNS1_11char_traitsIcEEEEPKNS_14DictionaryNodeE called 13 returned 100% blocks executed 100%
       13:  314:void Dictionary::printTree(std::ostream& os, const DictionaryNode* node) const {
       13:  315:    if (!node) return;
branch  0 taken 62%
branch  1 taken 38%
        -:  316:    
        5:  317:    printTree(os, node->left.get());
        5:  318:    os << node->englishWord << DELIMITER << " " << node->russianTranslation << "\n";
        5:  319:    printTree(os, node->right.get());
       13:  320:}
        -:  321:
function _ZN10dictionary10Dictionary8readTreeERNSt3__113basic_istreamIcNS1_11char_traitsIcEEEERNS1_10unique_ptrINS_14DictionaryNodeENS1_14default_deleteIS8_EEEE called 3 returned 100% blocks executed 61%
        3:  322:void Dictionary::readTree(std::istream& is, std::unique_ptr<DictionaryNode>& node) {
        3:  323:    std::string line;
        8:  324:    while (std::getline(is, line)) {
branch  0 taken 100%
branch  1 taken 0%
branch  2 taken 100%
branch  3 taken 0%
branch  4 taken 63%
branch  5 taken 38%
        5:  325:        if (line.empty()) continue;
branch  0 taken 0%
branch  1 taken 100%
        -:  326:        
        5:  327:        size_t delimiterPos = line.find(DELIMITER);
        5:  328:        if (delimiterPos == std::string::npos) continue;
branch  0 taken 100%
branch  1 taken 0%
        -:  329:        
        5:  330:        std::string english = utils::StringUtils::trim(line.substr(0, delimiterPos));
branch  0 taken 100%
branch  1 taken 0%
branch  2 taken 100%
branch  3 taken 0%
        5:  331:        std::string russian = utils::StringUtils::trim(line.substr(delimiterPos + 1));
branch  0 taken 100%
branch  1 taken 0%
branch  2 taken 100%
branch  3 taken 0%
        -:  332:        
        5:  333:        if (!english.empty() && !russian.empty()) {
branch  0 taken 100%
branch  1 taken 0%
branch  2 taken 0%
branch  3 taken 100%
        5:  334:            insertWord(node, english, russian);
branch  0 taken 0%
branch  1 taken 100%
        5:  335:            wordCount++;
        5:  336:        }
        5:  337:    }
        3:  338:}
        -:  339:
function _ZN10dictionarylsERNSt3__113basic_ostreamIcNS0_11char_traitsIcEEEERKNS_10DictionaryE called 3 returned 100% blocks executed 100%
        3:  340:std::ostream& operator<<(std::ostream& os, const Dictionary& dict) {
        3:  341:    dict.printTree(os, dict.root.get());
        3:  342:    return os;
        -:  343:}
        -:  344:
function _ZN10dictionaryrsERNSt3__113basic_istreamIcNS0_11char_traitsIcEEEERNS_10DictionaryE called 3 returned 100% blocks executed 100%
        3:  345:std::istream& operator>>(std::istream& is, Dictionary& dict) {
        3:  346:    dict.readTree(is, dict.root);
        3:  347:    return is;
        -:  348:}
        -:  349:
        -:  350:}
