        -:    0:Source:/Users/glebmitko/Desktop/lab1_minimarket/src/products/../../include/products/../utils/Exceptions.hpp
        -:    0:Graph:CMakeFiles/run_tests.dir/src/products/ProductManagement.cpp.gcno
        -:    0:Data:CMakeFiles/run_tests.dir/src/products/ProductManagement.cpp.gcda
        -:    0:Runs:1
        -:    0:Programs:1
        -:    1:#pragma once
        -:    2:#include <stdexcept>
        -:    3:#include <string>
        -:    4:
        -:    5:namespace minimarket {
        -:    6:namespace exceptions {
        -:    7:
        -:    8:// 1. Недостаточно средств
        -:    9:class InsufficientFundsException : public std::runtime_error {
        -:   10:public:
        -:   11:    explicit InsufficientFundsException(const std::string& accountNumber)
        -:   12:        : std::runtime_error("Insufficient funds in account: " + accountNumber) {}
        -:   13:};
        -:   14:
        -:   15:// 2. Недействительная карта
        -:   16:class InvalidCardException : public std::runtime_error {
        -:   17:public:
        -:   18:    explicit InvalidCardException(const std::string& cardNumber)
        -:   19:        : std::runtime_error("Invalid card: " + cardNumber) {}
        -:   20:};
        -:   21:
        -:   22:// 3. Нарушение безопасности
        -:   23:class SecurityViolationException : public std::runtime_error {
        -:   24:public:
        -:   25:    explicit SecurityViolationException(const std::string& operation)
        -:   26:        : std::runtime_error("Security violation in operation: " + operation) {}
        -:   27:};
        -:   28:
        -:   29:// 4. Товар не найден
        -:   30:class ProductNotFoundException : public std::runtime_error {
        -:   31:public:
        -:   32:    explicit ProductNotFoundException(const std::string& productId)
        -:   33:        : std::runtime_error("Product not found: " + productId) {}
        -:   34:};
        -:   35:
        -:   36:// 5. Неверный пароль
        -:   37:class InvalidPasswordException : public std::runtime_error {
        -:   38:public:
        -:   39:    explicit InvalidPasswordException(const std::string& requirement)
        -:   40:        : std::runtime_error("Invalid password: " + requirement) {}
        -:   41:};
        -:   42:
        -:   43:// 6. Ошибка обработки заказа
        -:   44:class OrderProcessingException : public std::runtime_error {
        -:   45:public:
        -:   46:    explicit OrderProcessingException(const std::string& orderId)
        -:   47:        : std::runtime_error("Order processing failed for: " + orderId) {}
        -:   48:};
        -:   49:
        -:   50:// 7. Ошибка платежа
        -:   51:class PaymentFailedException : public std::runtime_error {
        -:   52:public:
        -:   53:    explicit PaymentFailedException(const std::string& paymentId)
        -:   54:        : std::runtime_error("Payment failed: " + paymentId) {}
        -:   55:};
        -:   56:
        -:   57:// 8. Недостаток запасов
        -:   58:class InventoryShortageException : public std::runtime_error {
        -:   59:public:
        -:   60:    explicit InventoryShortageException(const std::string& productId)
        -:   61:        : std::runtime_error("Inventory shortage for product: " + productId) {}
        -:   62:};
        -:   63:
        -:   64:// 9. Пользователь не аутентифицирован
        -:   65:class UserNotAuthenticatedException : public std::runtime_error {
        -:   66:public:
        -:   67:    explicit UserNotAuthenticatedException(const std::string& userId)
        -:   68:        : std::runtime_error("User not authenticated: " + userId) {}
        -:   69:};
        -:   70:
        -:   71:// 10. Неверная операция
function _ZN10minimarket10exceptions25InvalidOperationExceptionD1Ev called 0 returned 0% blocks executed 0%
function _ZN10minimarket10exceptions25InvalidOperationExceptionD0Ev called 0 returned 0% blocks executed 0%
function _ZN10minimarket10exceptions25InvalidOperationExceptionD2Ev called 0 returned 0% blocks executed 0%
        -:   72:class InvalidOperationException : public std::runtime_error {
        -:   73:public:
function _ZN10minimarket10exceptions25InvalidOperationExceptionC1ERKNSt3__112basic_stringIcNS2_11char_traitsIcEENS2_9allocatorIcEEEE called 0 returned 0% blocks executed 0%
function _ZN10minimarket10exceptions25InvalidOperationExceptionC2ERKNSt3__112basic_stringIcNS2_11char_traitsIcEENS2_9allocatorIcEEEE called 0 returned 0% blocks executed 0%
    #####:   74:    explicit InvalidOperationException(const std::string& operation)
    #####:   75:        : std::runtime_error("Invalid operation: " + operation) {}
branch  0 never executed
branch  1 never executed
        -:   76:};
        -:   77:
        -:   78:// 11. Ошибка валидации данных
        -:   79:class DataValidationException : public std::runtime_error {
        -:   80:public:
        -:   81:    explicit DataValidationException(const std::string& field)
        -:   82:        : std::runtime_error("Data validation failed for field: " + field) {}
        -:   83:};
        -:   84:
        -:   85:// 12. Ошибка конфигурации системы
        -:   86:class SystemConfigurationException : public std::runtime_error {
        -:   87:public:
        -:   88:    explicit SystemConfigurationException(const std::string& component)
        -:   89:        : std::runtime_error("System configuration error in: " + component) {}
        -:   90:};
        -:   91:
        -:   92:} // namespace exceptions
        -:   93:} // namespace minimarket
