        -:    0:Source:/Library/Developer/CommandLineTools/SDKs/MacOSX.sdk/usr/include/c++/v1/__algorithm/remove_if.h
        -:    0:Graph:CMakeFiles/run_tests.dir/src/orders/OrderSystem.cpp.gcno
        -:    0:Data:CMakeFiles/run_tests.dir/src/orders/OrderSystem.cpp.gcda
        -:    0:Runs:1
        -:    0:Programs:1
        -:    1://===----------------------------------------------------------------------===//
        -:    2://
        -:    3:// Part of the LLVM Project, under the Apache License v2.0 with LLVM Exceptions.
        -:    4:// See https://llvm.org/LICENSE.txt for license information.
        -:    5:// SPDX-License-Identifier: Apache-2.0 WITH LLVM-exception
        -:    6://
        -:    7://===----------------------------------------------------------------------===//
        -:    8:
        -:    9:#ifndef _LIBCPP___ALGORITHM_REMOVE_IF_H
        -:   10:#define _LIBCPP___ALGORITHM_REMOVE_IF_H
        -:   11:
        -:   12:#include <__algorithm/find_if.h>
        -:   13:#include <__config>
        -:   14:#include <__utility/move.h>
        -:   15:
        -:   16:#if !defined(_LIBCPP_HAS_NO_PRAGMA_SYSTEM_HEADER)
        -:   17:#  pragma GCC system_header
        -:   18:#endif
        -:   19:
        -:   20:_LIBCPP_BEGIN_NAMESPACE_STD
        -:   21:
        -:   22:template <class _ForwardIterator, class _Predicate>
        -:   23:_LIBCPP_NODISCARD_EXT _LIBCPP_HIDE_FROM_ABI _LIBCPP_CONSTEXPR_SINCE_CXX20 _ForwardIterator
function _ZNSt3__19remove_ifB8ue170006INS_11__wrap_iterIPNS_10shared_ptrIN10minimarket6orders9OrderItemEEEEEZNS4_12ShoppingCart10removeItemERKNS_12basic_stringIcNS_11char_traitsIcEENS_9allocatorIcEEEEE3$_0EET_SJ_SJ_T0_ called 3 returned 100% blocks executed 62%
        3:   24:remove_if(_ForwardIterator __first, _ForwardIterator __last, _Predicate __pred)
        -:   25:{
        3:   26:    __first = _VSTD::find_if<_ForwardIterator, _Predicate&>(__first, __last, __pred);
        3:   27:    if (__first != __last)
branch  0 taken 67%
branch  1 taken 33%
        -:   28:    {
        1:   29:        _ForwardIterator __i = __first;
        1:   30:        while (++__i != __last)
branch  0 taken 0%
branch  1 taken 100%
        -:   31:        {
    #####:   32:            if (!__pred(*__i))
branch  0 never executed
branch  1 never executed
        -:   33:            {
    #####:   34:                *__first = _VSTD::move(*__i);
    #####:   35:                ++__first;
    #####:   36:            }
        -:   37:        }
        1:   38:    }
        3:   39:    return __first;
        -:   40:}
        -:   41:
        -:   42:_LIBCPP_END_NAMESPACE_STD
        -:   43:
        -:   44:#endif // _LIBCPP___ALGORITHM_REMOVE_IF_H
